c:\users\pekas\onedrive\рабочий стол\с++лаб\q\bm3d_cpp\x64\debug\opencv_core4d.dll
c:\users\pekas\onedrive\рабочий стол\с++лаб\q\bm3d_cpp\x64\debug\zlibd1.dll
c:\users\pekas\onedrive\рабочий стол\с++лаб\q\bm3d_cpp\x64\debug\opencv_imgcodecs4d.dll
c:\users\pekas\onedrive\рабочий стол\с++лаб\q\bm3d_cpp\x64\debug\opencv_imgproc4d.dll
c:\users\pekas\onedrive\рабочий стол\с++лаб\q\bm3d_cpp\x64\debug\jpeg62.dll
c:\users\pekas\onedrive\рабочий стол\с++лаб\q\bm3d_cpp\x64\debug\libwebpdecoder.dll
c:\users\pekas\onedrive\рабочий стол\с++лаб\q\bm3d_cpp\x64\debug\libwebp.dll
c:\users\pekas\onedrive\рабочий стол\с++лаб\q\bm3d_cpp\x64\debug\libsharpyuv.dll
c:\users\pekas\onedrive\рабочий стол\с++лаб\q\bm3d_cpp\x64\debug\libpng16d.dll
c:\users\pekas\onedrive\рабочий стол\с++лаб\q\bm3d_cpp\x64\debug\tiffd.dll
c:\users\pekas\onedrive\рабочий стол\с++лаб\q\bm3d_cpp\x64\debug\liblzma.dll
c:\users\pekas\onedrive\рабочий стол\с++лаб\q\bm3d_cpp\x64\debug\fftw3f.dll
c:\users\pekas\onedrive\рабочий стол\с++лаб\q\bm3d_cpp\bm3d_cpp\x64\debug\vc143.pdb
c:\users\pekas\onedrive\рабочий стол\с++лаб\q\bm3d_cpp\bm3d_cpp\x64\debug\vc143.idb
c:\users\pekas\onedrive\рабочий стол\с++лаб\q\bm3d_cpp\bm3d_cpp\x64\debug\transform.obj
c:\users\pekas\onedrive\рабочий стол\с++лаб\q\bm3d_cpp\bm3d_cpp\x64\debug\patch_2d.obj
c:\users\pekas\onedrive\рабочий стол\с++лаб\q\bm3d_cpp\bm3d_cpp\x64\debug\group_3d.obj
c:\users\pekas\onedrive\рабочий стол\с++лаб\q\bm3d_cpp\bm3d_cpp\x64\debug\cbm3d_wiener.obj
c:\users\pekas\onedrive\рабочий стол\с++лаб\q\bm3d_cpp\bm3d_cpp\x64\debug\cbm3d.obj
c:\users\pekas\onedrive\рабочий стол\с++лаб\q\bm3d_cpp\bm3d_cpp\x64\debug\bm3d_wiener.obj
c:\users\pekas\onedrive\рабочий стол\с++лаб\q\bm3d_cpp\bm3d_cpp\x64\debug\bm3d.obj
c:\users\pekas\onedrive\рабочий стол\с++лаб\q\bm3d_cpp\bm3d_cpp\x64\debug\main.obj
c:\users\pekas\onedrive\рабочий стол\с++лаб\q\bm3d_cpp\x64\debug\bm3d_cpp.exe
c:\users\pekas\onedrive\рабочий стол\с++лаб\q\bm3d_cpp\x64\debug\bm3d_cpp.pdb
c:\users\pekas\onedrive\рабочий стол\с++лаб\q\bm3d_cpp\bm3d_cpp\x64\debug\bm3d_cpp.ilk
c:\users\pekas\onedrive\рабочий стол\с++лаб\q\bm3d_cpp\bm3d_cpp\x64\debug\bm3d.obj.enc
c:\users\pekas\onedrive\рабочий стол\с++лаб\q\bm3d_cpp\bm3d_cpp\x64\debug\cbm3d.obj.enc
c:\users\pekas\onedrive\рабочий стол\с++лаб\q\bm3d_cpp\bm3d_cpp\x64\debug\group_3d.obj.enc
c:\users\pekas\onedrive\рабочий стол\с++лаб\q\bm3d_cpp\bm3d_cpp\x64\debug\main.obj.enc
c:\users\pekas\onedrive\рабочий стол\с++лаб\q\bm3d_cpp\bm3d_cpp\x64\debug\bm3d_cpp.tlog\bm3d_cpp.write.1u.tlog
c:\users\pekas\onedrive\рабочий стол\с++лаб\q\bm3d_cpp\bm3d_cpp\x64\debug\bm3d_cpp.tlog\cl.command.1.tlog
c:\users\pekas\onedrive\рабочий стол\с++лаб\q\bm3d_cpp\bm3d_cpp\x64\debug\bm3d_cpp.tlog\cl.items.tlog
c:\users\pekas\onedrive\рабочий стол\с++лаб\q\bm3d_cpp\bm3d_cpp\x64\debug\bm3d_cpp.tlog\cl.read.1.tlog
c:\users\pekas\onedrive\рабочий стол\с++лаб\q\bm3d_cpp\bm3d_cpp\x64\debug\bm3d_cpp.tlog\cl.write.1.tlog
c:\users\pekas\onedrive\рабочий стол\с++лаб\q\bm3d_cpp\bm3d_cpp\x64\debug\bm3d_cpp.tlog\link.command.1.tlog
c:\users\pekas\onedrive\рабочий стол\с++лаб\q\bm3d_cpp\bm3d_cpp\x64\debug\bm3d_cpp.tlog\link.read.1.tlog
c:\users\pekas\onedrive\рабочий стол\с++лаб\q\bm3d_cpp\bm3d_cpp\x64\debug\bm3d_cpp.tlog\link.secondary.1.tlog
c:\users\pekas\onedrive\рабочий стол\с++лаб\q\bm3d_cpp\bm3d_cpp\x64\debug\bm3d_cpp.tlog\link.write.1.tlog
